Exec: /app/erts-17.0/bin/erlexec -noinput +Bd -boot /app/releases/0.1.0/start -mode embedded -boot_var SYSTEM_LIB_DIR /app/lib -config /app/releases/0.1.0/sys.config -args_file /app/releases/0.1.0/vm.args -- foreground
Root: /app
/app
=ESOCK WARNING MSG==== 27-May-2026::22:58:13.900665 ===
[UNIX-ESSIO] Failed open sctp dynamic library: libsctp.so.1
=ERROR REPORT==== 27-May-2026::22:58:19.864661 ===
    reason: {case_clause,{error,closed}}
    msg: roadrunner handler crashed
    handler: roadrunner_httparena_handler
    stacktrace: [{roadrunner_httparena_handler,consume_body,2,
                     [{file,"/src/src/roadrunner_httparena_handler.erl"},
                      {line,75}]},
                 {roadrunner_httparena_handler,upload_endpoint,1,
                     [{file,"/src/src/roadrunner_httparena_handler.erl"},
                      {line,65}]},
                 {roadrunner_compress,call,2,
                     [{file,
                          "/src/_build/default/lib/roadrunner/src/roadrunner_compress.erl"},
                      {line,76}]},
                 {roadrunner_conn_loop,run_pipeline,4,
                     [{file,
                          "/src/_build/default/lib/roadrunner/src/roadrunner_conn_loop.erl"},
                      {line,576}]},
                 {proc_lib,init_p_do_apply,3,
                     [{file,"proc_lib.erl"},{line,333}]}]
    class: error
=ERROR REPORT==== 27-May-2026::22:58:19.864704 ===
    reason: {case_clause,{error,closed}}
    msg: roadrunner handler crashed
    handler: roadrunner_httparena_handler
    stacktrace: [{roadrunner_httparena_handler,consume_body,2,
                     [{file,"/src/src/roadrunner_httparena_handler.erl"},
                      {line,75}]},
                 {roadrunner_httparena_handler,upload_endpoint,1,
                     [{file,"/src/src/roadrunner_httparena_handler.erl"},
                      {line,65}]},
                 {roadrunner_compress,call,2,
                     [{file,
                          "/src/_build/default/lib/roadrunner/src/roadrunner_compress.erl"},
                      {line,76}]},
                 {roadrunner_conn_loop,run_pipeline,4,
                     [{file,
                          "/src/_build/default/lib/roadrunner/src/roadrunner_conn_loop.erl"},
                      {line,576}]},
                 {proc_lib,init_p_do_apply,3,
                     [{file,"proc_lib.erl"},{line,333}]}]
    class: error
=ERROR REPORT==== 27-May-2026::22:58:19.866705 ===
    reason: {case_clause,{error,closed}}
    msg: roadrunner handler crashed
    handler: roadrunner_httparena_handler
    stacktrace: [{roadrunner_httparena_handler,consume_body,2,
                     [{file,"/src/src/roadrunner_httparena_handler.erl"},
                      {line,75}]},
                 {roadrunner_httparena_handler,upload_endpoint,1,
                     [{file,"/src/src/roadrunner_httparena_handler.erl"},
                      {line,65}]},
                 {roadrunner_compress,call,2,
                     [{file,
                          "/src/_build/default/lib/roadrunner/src/roadrunner_compress.erl"},
                      {line,76}]},
                 {roadrunner_conn_loop,run_pipeline,4,
                     [{file,
                          "/src/_build/default/lib/roadrunner/src/roadrunner_conn_loop.erl"},
                      {line,576}]},
                 {proc_lib,init_p_do_apply,3,
                     [{file,"proc_lib.erl"},{line,333}]}]
    class: error
=ERROR REPORT==== 27-May-2026::22:58:19.866704 ===
    reason: {case_clause,{error,closed}}
    msg: roadrunner handler crashed
    handler: roadrunner_httparena_handler
    stacktrace: [{roadrunner_httparena_handler,consume_body,2,
                     [{file,"/src/src/roadrunner_httparena_handler.erl"},
                      {line,75}]},
                 {roadrunner_httparena_handler,upload_endpoint,1,
                     [{file,"/src/src/roadrunner_httparena_handler.erl"},
                      {line,65}]},
                 {roadrunner_compress,call,2,
                     [{file,
                          "/src/_build/default/lib/roadrunner/src/roadrunner_compress.erl"},
                      {line,76}]},
                 {roadrunner_conn_loop,run_pipeline,4,
                     [{file,
                          "/src/_build/default/lib/roadrunner/src/roadrunner_conn_loop.erl"},
                      {line,576}]},
                 {proc_lib,init_p_do_apply,3,
                     [{file,"proc_lib.erl"},{line,333}]}]
    class: error
=ERROR REPORT==== 27-May-2026::22:58:19.866737 ===
    reason: {case_clause,{error,closed}}
    msg: roadrunner handler crashed
    handler: roadrunner_httparena_handler
    stacktrace: [{roadrunner_httparena_handler,consume_body,2,
                     [{file,"/src/src/roadrunner_httparena_handler.erl"},
                      {line,75}]},
                 {roadrunner_httparena_handler,upload_endpoint,1,
                     [{file,"/src/src/roadrunner_httparena_handler.erl"},
                      {line,65}]},
                 {roadrunner_compress,call,2,
                     [{file,
                          "/src/_build/default/lib/roadrunner/src/roadrunner_compress.erl"},
                      {line,76}]},
                 {roadrunner_conn_loop,run_pipeline,4,
                     [{file,
                          "/src/_build/default/lib/roadrunner/src/roadrunner_conn_loop.erl"},
                      {line,576}]},
                 {proc_lib,init_p_do_apply,3,
                     [{file,"proc_lib.erl"},{line,333}]}]
    class: error
=ERROR REPORT==== 27-May-2026::22:58:19.866748 ===
    reason: {case_clause,{error,closed}}
    msg: roadrunner handler crashed
    handler: roadrunner_httparena_handler
    stacktrace: [{roadrunner_httparena_handler,consume_body,2,
                     [{file,"/src/src/roadrunner_httparena_handler.erl"},
                      {line,75}]},
                 {roadrunner_httparena_handler,upload_endpoint,1,
                     [{file,"/src/src/roadrunner_httparena_handler.erl"},
                      {line,65}]},
                 {roadrunner_compress,call,2,
                     [{file,
                          "/src/_build/default/lib/roadrunner/src/roadrunner_compress.erl"},
                      {line,76}]},
                 {roadrunner_conn_loop,run_pipeline,4,
                     [{file,
                          "/src/_build/default/lib/roadrunner/src/roadrunner_conn_loop.erl"},
                      {line,576}]},
                 {proc_lib,init_p_do_apply,3,
                     [{file,"proc_lib.erl"},{line,333}]}]
    class: error
=ERROR REPORT==== 27-May-2026::22:58:19.866822 ===
    reason: {case_clause,{error,closed}}
    msg: roadrunner handler crashed
    handler: roadrunner_httparena_handler
    stacktrace: [{roadrunner_httparena_handler,consume_body,2,
                     [{file,"/src/src/roadrunner_httparena_handler.erl"},
                      {line,75}]},
                 {roadrunner_httparena_handler,upload_endpoint,1,
                     [{file,"/src/src/roadrunner_httparena_handler.erl"},
                      {line,65}]},
                 {roadrunner_compress,call,2,
                     [{file,
                          "/src/_build/default/lib/roadrunner/src/roadrunner_compress.erl"},
                      {line,76}]},
                 {roadrunner_conn_loop,run_pipeline,4,
                     [{file,
                          "/src/_build/default/lib/roadrunner/src/roadrunner_conn_loop.erl"},
                      {line,576}]},
                 {proc_lib,init_p_do_apply,3,
                     [{file,"proc_lib.erl"},{line,333}]}]
    class: error
=ERROR REPORT==== 27-May-2026::22:58:19.866797 ===
    reason: {case_clause,{error,closed}}
    msg: roadrunner handler crashed
    handler: roadrunner_httparena_handler
    stacktrace: [{roadrunner_httparena_handler,consume_body,2,
                     [{file,"/src/src/roadrunner_httparena_handler.erl"},
                      {line,75}]},
                 {roadrunner_httparena_handler,upload_endpoint,1,
                     [{file,"/src/src/roadrunner_httparena_handler.erl"},
                      {line,65}]},
                 {roadrunner_compress,call,2,
                     [{file,
                          "/src/_build/default/lib/roadrunner/src/roadrunner_compress.erl"},
                      {line,76}]},
                 {roadrunner_conn_loop,run_pipeline,4,
                     [{file,
                          "/src/_build/default/lib/roadrunner/src/roadrunner_conn_loop.erl"},
                      {line,576}]},
                 {proc_lib,init_p_do_apply,3,
                     [{file,"proc_lib.erl"},{line,333}]}]
    class: error
=ERROR REPORT==== 27-May-2026::22:58:19.866747 ===
    reason: {case_clause,{error,closed}}
    msg: roadrunner handler crashed
    handler: roadrunner_httparena_handler
    stacktrace: [{roadrunner_httparena_handler,consume_body,2,
                     [{file,"/src/src/roadrunner_httparena_handler.erl"},
                      {line,75}]},
                 {roadrunner_httparena_handler,upload_endpoint,1,
                     [{file,"/src/src/roadrunner_httparena_handler.erl"},
                      {line,65}]},
                 {roadrunner_compress,call,2,
                     [{file,
                          "/src/_build/default/lib/roadrunner/src/roadrunner_compress.erl"},
                      {line,76}]},
                 {roadrunner_conn_loop,run_pipeline,4,
                     [{file,
                          "/src/_build/default/lib/roadrunner/src/roadrunner_conn_loop.erl"},
                      {line,576}]},
                 {proc_lib,init_p_do_apply,3,
                     [{file,"proc_lib.erl"},{line,333}]}]
    class: error
=ERROR REPORT==== 27-May-2026::22:58:19.866847 ===
    reason: {case_clause,{error,closed}}
    msg: roadrunner handler crashed
    handler: roadrunner_httparena_handler
    stacktrace: [{roadrunner_httparena_handler,consume_body,2,
                     [{file,"/src/src/roadrunner_httparena_handler.erl"},
                      {line,75}]},
                 {roadrunner_httparena_handler,upload_endpoint,1,
                     [{file,"/src/src/roadrunner_httparena_handler.erl"},
                      {line,65}]},
                 {roadrunner_compress,call,2,
                     [{file,
                          "/src/_build/default/lib/roadrunner/src/roadrunner_compress.erl"},
                      {line,76}]},
                 {roadrunner_conn_loop,run_pipeline,4,
                     [{file,
                          "/src/_build/default/lib/roadrunner/src/roadrunner_conn_loop.erl"},
                      {line,576}]},
                 {proc_lib,init_p_do_apply,3,
                     [{file,"proc_lib.erl"},{line,333}]}]
    class: error
=ERROR REPORT==== 27-May-2026::22:58:19.866809 ===
    reason: {case_clause,{error,closed}}
    msg: roadrunner handler crashed
    handler: roadrunner_httparena_handler
    stacktrace: [{roadrunner_httparena_handler,consume_body,2,
                     [{file,"/src/src/roadrunner_httparena_handler.erl"},
                      {line,75}]},
                 {roadrunner_httparena_handler,upload_endpoint,1,
                     [{file,"/src/src/roadrunner_httparena_handler.erl"},
                      {line,65}]},
                 {roadrunner_compress,call,2,
                     [{file,
                          "/src/_build/default/lib/roadrunner/src/roadrunner_compress.erl"},
                      {line,76}]},
                 {roadrunner_conn_loop,run_pipeline,4,
                     [{file,
                          "/src/_build/default/lib/roadrunner/src/roadrunner_conn_loop.erl"},
                      {line,576}]},
                 {proc_lib,init_p_do_apply,3,
                     [{file,"proc_lib.erl"},{line,333}]}]
    class: error
=ERROR REPORT==== 27-May-2026::22:58:19.866798 ===
    reason: {case_clause,{error,closed}}
    msg: roadrunner handler crashed
    handler: roadrunner_httparena_handler
    stacktrace: [{roadrunner_httparena_handler,consume_body,2,
                     [{file,"/src/src/roadrunner_httparena_handler.erl"},
                      {line,75}]},
                 {roadrunner_httparena_handler,upload_endpoint,1,
                     [{file,"/src/src/roadrunner_httparena_handler.erl"},
                      {line,65}]},
                 {roadrunner_compress,call,2,
                     [{file,
                          "/src/_build/default/lib/roadrunner/src/roadrunner_compress.erl"},
                      {line,76}]},
                 {roadrunner_conn_loop,run_pipeline,4,
                     [{file,
                          "/src/_build/default/lib/roadrunner/src/roadrunner_conn_loop.erl"},
                      {line,576}]},
                 {proc_lib,init_p_do_apply,3,
                     [{file,"proc_lib.erl"},{line,333}]}]
    class: error
=ERROR REPORT==== 27-May-2026::22:58:19.866896 ===
    reason: {case_clause,{error,closed}}
    msg: roadrunner handler crashed
    handler: roadrunner_httparena_handler
    stacktrace: [{roadrunner_httparena_handler,consume_body,2,
                     [{file,"/src/src/roadrunner_httparena_handler.erl"},
                      {line,75}]},
                 {roadrunner_httparena_handler,upload_endpoint,1,
                     [{file,"/src/src/roadrunner_httparena_handler.erl"},
                      {line,65}]},
                 {roadrunner_compress,call,2,
                     [{file,
                          "/src/_build/default/lib/roadrunner/src/roadrunner_compress.erl"},
                      {line,76}]},
                 {roadrunner_conn_loop,run_pipeline,4,
                     [{file,
                          "/src/_build/default/lib/roadrunner/src/roadrunner_conn_loop.erl"},
                      {line,576}]},
                 {proc_lib,init_p_do_apply,3,
                     [{file,"proc_lib.erl"},{line,333}]}]
    class: error
=ERROR REPORT==== 27-May-2026::22:58:19.866858 ===
    reason: {case_clause,{error,closed}}
    msg: roadrunner handler crashed
    handler: roadrunner_httparena_handler
    stacktrace: [{roadrunner_httparena_handler,consume_body,2,
                     [{file,"/src/src/roadrunner_httparena_handler.erl"},
                      {line,75}]},
                 {roadrunner_httparena_handler,upload_endpoint,1,
                     [{file,"/src/src/roadrunner_httparena_handler.erl"},
                      {line,65}]},
                 {roadrunner_compress,call,2,
                     [{file,
                          "/src/_build/default/lib/roadrunner/src/roadrunner_compress.erl"},
                      {line,76}]},
                 {roadrunner_conn_loop,run_pipeline,4,
                     [{file,
                          "/src/_build/default/lib/roadrunner/src/roadrunner_conn_loop.erl"},
                      {line,576}]},
                 {proc_lib,init_p_do_apply,3,
                     [{file,"proc_lib.erl"},{line,333}]}]
    class: error
=ERROR REPORT==== 27-May-2026::22:58:19.866886 ===
    reason: {case_clause,{error,closed}}
    msg: roadrunner handler crashed
    handler: roadrunner_httparena_handler
    stacktrace: [{roadrunner_httparena_handler,consume_body,2,
                     [{file,"/src/src/roadrunner_httparena_handler.erl"},
                      {line,75}]},
                 {roadrunner_httparena_handler,upload_endpoint,1,
                     [{file,"/src/src/roadrunner_httparena_handler.erl"},
                      {line,65}]},
                 {roadrunner_compress,call,2,
                     [{file,
                          "/src/_build/default/lib/roadrunner/src/roadrunner_compress.erl"},
                      {line,76}]},
                 {roadrunner_conn_loop,run_pipeline,4,
                     [{file,
                          "/src/_build/default/lib/roadrunner/src/roadrunner_conn_loop.erl"},
                      {line,576}]},
                 {proc_lib,init_p_do_apply,3,
                     [{file,"proc_lib.erl"},{line,333}]}]
    class: error
=ERROR REPORT==== 27-May-2026::22:58:19.866910 ===
    reason: {case_clause,{error,closed}}
    msg: roadrunner handler crashed
    handler: roadrunner_httparena_handler
    stacktrace: [{roadrunner_httparena_handler,consume_body,2,
                     [{file,"/src/src/roadrunner_httparena_handler.erl"},
                      {line,75}]},
                 {roadrunner_httparena_handler,upload_endpoint,1,
                     [{file,"/src/src/roadrunner_httparena_handler.erl"},
                      {line,65}]},
                 {roadrunner_compress,call,2,
                     [{file,
                          "/src/_build/default/lib/roadrunner/src/roadrunner_compress.erl"},
                      {line,76}]},
                 {roadrunner_conn_loop,run_pipeline,4,
                     [{file,
                          "/src/_build/default/lib/roadrunner/src/roadrunner_conn_loop.erl"},
                      {line,576}]},
                 {proc_lib,init_p_do_apply,3,
                     [{file,"proc_lib.erl"},{line,333}]}]
    class: error
=ERROR REPORT==== 27-May-2026::22:58:19.866889 ===
    reason: {case_clause,{error,closed}}
    msg: roadrunner handler crashed
    handler: roadrunner_httparena_handler
    stacktrace: [{roadrunner_httparena_handler,consume_body,2,
                     [{file,"/src/src/roadrunner_httparena_handler.erl"},
                      {line,75}]},
                 {roadrunner_httparena_handler,upload_endpoint,1,
                     [{file,"/src/src/roadrunner_httparena_handler.erl"},
                      {line,65}]},
                 {roadrunner_compress,call,2,
                     [{file,
                          "/src/_build/default/lib/roadrunner/src/roadrunner_compress.erl"},
                      {line,76}]},
                 {roadrunner_conn_loop,run_pipeline,4,
                     [{file,
                          "/src/_build/default/lib/roadrunner/src/roadrunner_conn_loop.erl"},
                      {line,576}]},
                 {proc_lib,init_p_do_apply,3,
                     [{file,"proc_lib.erl"},{line,333}]}]
    class: error
=ERROR REPORT==== 27-May-2026::22:58:19.866927 ===
    reason: {case_clause,{error,closed}}
    msg: roadrunner handler crashed
    handler: roadrunner_httparena_handler
    stacktrace: [{roadrunner_httparena_handler,consume_body,2,
                     [{file,"/src/src/roadrunner_httparena_handler.erl"},
                      {line,75}]},
                 {roadrunner_httparena_handler,upload_endpoint,1,
                     [{file,"/src/src/roadrunner_httparena_handler.erl"},
                      {line,65}]},
                 {roadrunner_compress,call,2,
                     [{file,
                          "/src/_build/default/lib/roadrunner/src/roadrunner_compress.erl"},
                      {line,76}]},
                 {roadrunner_conn_loop,run_pipeline,4,
                     [{file,
                          "/src/_build/default/lib/roadrunner/src/roadrunner_conn_loop.erl"},
                      {line,576}]},
                 {proc_lib,init_p_do_apply,3,
                     [{file,"proc_lib.erl"},{line,333}]}]
    class: error
=ERROR REPORT==== 27-May-2026::22:58:19.866978 ===
    reason: {case_clause,{error,closed}}
    msg: roadrunner handler crashed
    handler: roadrunner_httparena_handler
    stacktrace: [{roadrunner_httparena_handler,consume_body,2,
                     [{file,"/src/src/roadrunner_httparena_handler.erl"},
                      {line,75}]},
                 {roadrunner_httparena_handler,upload_endpoint,1,
                     [{file,"/src/src/roadrunner_httparena_handler.erl"},
                      {line,65}]},
                 {roadrunner_compress,call,2,
                     [{file,
                          "/src/_build/default/lib/roadrunner/src/roadrunner_compress.erl"},
                      {line,76}]},
                 {roadrunner_conn_loop,run_pipeline,4,
                     [{file,
                          "/src/_build/default/lib/roadrunner/src/roadrunner_conn_loop.erl"},
                      {line,576}]},
                 {proc_lib,init_p_do_apply,3,
                     [{file,"proc_lib.erl"},{line,333}]}]
    class: error
=ERROR REPORT==== 27-May-2026::22:58:19.866986 ===
    reason: {case_clause,{error,closed}}
    msg: roadrunner handler crashed
    handler: roadrunner_httparena_handler
    stacktrace: [{roadrunner_httparena_handler,consume_body,2,
                     [{file,"/src/src/roadrunner_httparena_handler.erl"},
                      {line,75}]},
                 {roadrunner_httparena_handler,upload_endpoint,1,
                     [{file,"/src/src/roadrunner_httparena_handler.erl"},
                      {line,65}]},
                 {roadrunner_compress,call,2,
                     [{file,
                          "/src/_build/default/lib/roadrunner/src/roadrunner_compress.erl"},
                      {line,76}]},
                 {roadrunner_conn_loop,run_pipeline,4,
                     [{file,
                          "/src/_build/default/lib/roadrunner/src/roadrunner_conn_loop.erl"},
                      {line,576}]},
                 {proc_lib,init_p_do_apply,3,
                     [{file,"proc_lib.erl"},{line,333}]}]
    class: error
=ERROR REPORT==== 27-May-2026::22:58:19.867059 ===
    reason: {case_clause,{error,closed}}
    msg: roadrunner handler crashed
    handler: roadrunner_httparena_handler
    stacktrace: [{roadrunner_httparena_handler,consume_body,2,
                     [{file,"/src/src/roadrunner_httparena_handler.erl"},
                      {line,75}]},
                 {roadrunner_httparena_handler,upload_endpoint,1,
                     [{file,"/src/src/roadrunner_httparena_handler.erl"},
                      {line,65}]},
                 {roadrunner_compress,call,2,
                     [{file,
                          "/src/_build/default/lib/roadrunner/src/roadrunner_compress.erl"},
                      {line,76}]},
                 {roadrunner_conn_loop,run_pipeline,4,
                     [{file,
                          "/src/_build/default/lib/roadrunner/src/roadrunner_conn_loop.erl"},
                      {line,576}]},
                 {proc_lib,init_p_do_apply,3,
                     [{file,"proc_lib.erl"},{line,333}]}]
    class: error
=ERROR REPORT==== 27-May-2026::22:58:19.867008 ===
    reason: {case_clause,{error,closed}}
    msg: roadrunner handler crashed
    handler: roadrunner_httparena_handler
    stacktrace: [{roadrunner_httparena_handler,consume_body,2,
                     [{file,"/src/src/roadrunner_httparena_handler.erl"},
                      {line,75}]},
                 {roadrunner_httparena_handler,upload_endpoint,1,
                     [{file,"/src/src/roadrunner_httparena_handler.erl"},
                      {line,65}]},
                 {roadrunner_compress,call,2,
                     [{file,
                          "/src/_build/default/lib/roadrunner/src/roadrunner_compress.erl"},
                      {line,76}]},
                 {roadrunner_conn_loop,run_pipeline,4,
                     [{file,
                          "/src/_build/default/lib/roadrunner/src/roadrunner_conn_loop.erl"},
                      {line,576}]},
                 {proc_lib,init_p_do_apply,3,
                     [{file,"proc_lib.erl"},{line,333}]}]
    class: error
=ERROR REPORT==== 27-May-2026::22:58:19.867027 ===
    reason: {case_clause,{error,closed}}
    msg: roadrunner handler crashed
    handler: roadrunner_httparena_handler
    stacktrace: [{roadrunner_httparena_handler,consume_body,2,
                     [{file,"/src/src/roadrunner_httparena_handler.erl"},
                      {line,75}]},
                 {roadrunner_httparena_handler,upload_endpoint,1,
                     [{file,"/src/src/roadrunner_httparena_handler.erl"},
                      {line,65}]},
                 {roadrunner_compress,call,2,
                     [{file,
                          "/src/_build/default/lib/roadrunner/src/roadrunner_compress.erl"},
                      {line,76}]},
                 {roadrunner_conn_loop,run_pipeline,4,
                     [{file,
                          "/src/_build/default/lib/roadrunner/src/roadrunner_conn_loop.erl"},
                      {line,576}]},
                 {proc_lib,init_p_do_apply,3,
                     [{file,"proc_lib.erl"},{line,333}]}]
    class: error
=ERROR REPORT==== 27-May-2026::22:58:19.867054 ===
    reason: {case_clause,{error,closed}}
    msg: roadrunner handler crashed
    handler: roadrunner_httparena_handler
    stacktrace: [{roadrunner_httparena_handler,consume_body,2,
                     [{file,"/src/src/roadrunner_httparena_handler.erl"},
                      {line,75}]},
                 {roadrunner_httparena_handler,upload_endpoint,1,
                     [{file,"/src/src/roadrunner_httparena_handler.erl"},
                      {line,65}]},
                 {roadrunner_compress,call,2,
                     [{file,
                          "/src/_build/default/lib/roadrunner/src/roadrunner_compress.erl"},
                      {line,76}]},
                 {roadrunner_conn_loop,run_pipeline,4,
                     [{file,
                          "/src/_build/default/lib/roadrunner/src/roadrunner_conn_loop.erl"},
                      {line,576}]},
                 {proc_lib,init_p_do_apply,3,
                     [{file,"proc_lib.erl"},{line,333}]}]
    class: error
=ERROR REPORT==== 27-May-2026::22:58:19.867042 ===
    reason: {case_clause,{error,closed}}
    msg: roadrunner handler crashed
    handler: roadrunner_httparena_handler
    stacktrace: [{roadrunner_httparena_handler,consume_body,2,
                     [{file,"/src/src/roadrunner_httparena_handler.erl"},
                      {line,75}]},
                 {roadrunner_httparena_handler,upload_endpoint,1,
                     [{file,"/src/src/roadrunner_httparena_handler.erl"},
                      {line,65}]},
                 {roadrunner_compress,call,2,
                     [{file,
                          "/src/_build/default/lib/roadrunner/src/roadrunner_compress.erl"},
                      {line,76}]},
                 {roadrunner_conn_loop,run_pipeline,4,
                     [{file,
                          "/src/_build/default/lib/roadrunner/src/roadrunner_conn_loop.erl"},
                      {line,576}]},
                 {proc_lib,init_p_do_apply,3,
                     [{file,"proc_lib.erl"},{line,333}]}]
    class: error
=ERROR REPORT==== 27-May-2026::22:58:19.867082 ===
    reason: {case_clause,{error,closed}}
    msg: roadrunner handler crashed
    handler: roadrunner_httparena_handler
    stacktrace: [{roadrunner_httparena_handler,consume_body,2,
                     [{file,"/src/src/roadrunner_httparena_handler.erl"},
                      {line,75}]},
                 {roadrunner_httparena_handler,upload_endpoint,1,
                     [{file,"/src/src/roadrunner_httparena_handler.erl"},
                      {line,65}]},
                 {roadrunner_compress,call,2,
                     [{file,
                          "/src/_build/default/lib/roadrunner/src/roadrunner_compress.erl"},
                      {line,76}]},
                 {roadrunner_conn_loop,run_pipeline,4,
                     [{file,
                          "/src/_build/default/lib/roadrunner/src/roadrunner_conn_loop.erl"},
                      {line,576}]},
                 {proc_lib,init_p_do_apply,3,
                     [{file,"proc_lib.erl"},{line,333}]}]
    class: error
=ERROR REPORT==== 27-May-2026::22:58:27.215821 ===
    reason: {case_clause,{error,closed}}
    msg: roadrunner handler crashed
    handler: roadrunner_httparena_handler
    stacktrace: [{roadrunner_httparena_handler,consume_body,2,
                     [{file,"/src/src/roadrunner_httparena_handler.erl"},
                      {line,75}]},
                 {roadrunner_httparena_handler,upload_endpoint,1,
                     [{file,"/src/src/roadrunner_httparena_handler.erl"},
                      {line,65}]},
                 {roadrunner_compress,call,2,
                     [{file,
                          "/src/_build/default/lib/roadrunner/src/roadrunner_compress.erl"},
                      {line,76}]},
                 {roadrunner_conn_loop,run_pipeline,4,
                     [{file,
                          "/src/_build/default/lib/roadrunner/src/roadrunner_conn_loop.erl"},
                      {line,576}]},
                 {proc_lib,init_p_do_apply,3,
                     [{file,"proc_lib.erl"},{line,333}]}]
    class: error
=ERROR REPORT==== 27-May-2026::22:58:27.215801 ===
    reason: {case_clause,{error,closed}}
    msg: roadrunner handler crashed
    handler: roadrunner_httparena_handler
    stacktrace: [{roadrunner_httparena_handler,consume_body,2,
                     [{file,"/src/src/roadrunner_httparena_handler.erl"},
                      {line,75}]},
                 {roadrunner_httparena_handler,upload_endpoint,1,
                     [{file,"/src/src/roadrunner_httparena_handler.erl"},
                      {line,65}]},
                 {roadrunner_compress,call,2,
                     [{file,
                          "/src/_build/default/lib/roadrunner/src/roadrunner_compress.erl"},
                      {line,76}]},
                 {roadrunner_conn_loop,run_pipeline,4,
                     [{file,
                          "/src/_build/default/lib/roadrunner/src/roadrunner_conn_loop.erl"},
                      {line,576}]},
                 {proc_lib,init_p_do_apply,3,
                     [{file,"proc_lib.erl"},{line,333}]}]
    class: error
=ERROR REPORT==== 27-May-2026::22:58:27.215758 ===
    reason: {case_clause,{error,closed}}
    msg: roadrunner handler crashed
    handler: roadrunner_httparena_handler
    stacktrace: [{roadrunner_httparena_handler,consume_body,2,
                     [{file,"/src/src/roadrunner_httparena_handler.erl"},
                      {line,75}]},
                 {roadrunner_httparena_handler,upload_endpoint,1,
                     [{file,"/src/src/roadrunner_httparena_handler.erl"},
                      {line,65}]},
                 {roadrunner_compress,call,2,
                     [{file,
                          "/src/_build/default/lib/roadrunner/src/roadrunner_compress.erl"},
                      {line,76}]},
                 {roadrunner_conn_loop,run_pipeline,4,
                     [{file,
                          "/src/_build/default/lib/roadrunner/src/roadrunner_conn_loop.erl"},
                      {line,576}]},
                 {proc_lib,init_p_do_apply,3,
                     [{file,"proc_lib.erl"},{line,333}]}]
    class: error
=ERROR REPORT==== 27-May-2026::22:58:27.215773 ===
    reason: {case_clause,{error,closed}}
    msg: roadrunner handler crashed
    handler: roadrunner_httparena_handler
    stacktrace: [{roadrunner_httparena_handler,consume_body,2,
                     [{file,"/src/src/roadrunner_httparena_handler.erl"},
                      {line,75}]},
                 {roadrunner_httparena_handler,upload_endpoint,1,
                     [{file,"/src/src/roadrunner_httparena_handler.erl"},
                      {line,65}]},
                 {roadrunner_compress,call,2,
                     [{file,
                          "/src/_build/default/lib/roadrunner/src/roadrunner_compress.erl"},
                      {line,76}]},
                 {roadrunner_conn_loop,run_pipeline,4,
                     [{file,
                          "/src/_build/default/lib/roadrunner/src/roadrunner_conn_loop.erl"},
                      {line,576}]},
                 {proc_lib,init_p_do_apply,3,
                     [{file,"proc_lib.erl"},{line,333}]}]
    class: error
=ERROR REPORT==== 27-May-2026::22:58:27.215854 ===
    reason: {case_clause,{error,closed}}
    msg: roadrunner handler crashed
    handler: roadrunner_httparena_handler
    stacktrace: [{roadrunner_httparena_handler,consume_body,2,
                     [{file,"/src/src/roadrunner_httparena_handler.erl"},
                      {line,75}]},
                 {roadrunner_httparena_handler,upload_endpoint,1,
                     [{file,"/src/src/roadrunner_httparena_handler.erl"},
                      {line,65}]},
                 {roadrunner_compress,call,2,
                     [{file,
                          "/src/_build/default/lib/roadrunner/src/roadrunner_compress.erl"},
                      {line,76}]},
                 {roadrunner_conn_loop,run_pipeline,4,
                     [{file,
                          "/src/_build/default/lib/roadrunner/src/roadrunner_conn_loop.erl"},
                      {line,576}]},
                 {proc_lib,init_p_do_apply,3,
                     [{file,"proc_lib.erl"},{line,333}]}]
    class: error
=ERROR REPORT==== 27-May-2026::22:58:27.215862 ===
    reason: {case_clause,{error,closed}}
    msg: roadrunner handler crashed
    handler: roadrunner_httparena_handler
    stacktrace: [{roadrunner_httparena_handler,consume_body,2,
                     [{file,"/src/src/roadrunner_httparena_handler.erl"},
                      {line,75}]},
                 {roadrunner_httparena_handler,upload_endpoint,1,
                     [{file,"/src/src/roadrunner_httparena_handler.erl"},
                      {line,65}]},
                 {roadrunner_compress,call,2,
                     [{file,
                          "/src/_build/default/lib/roadrunner/src/roadrunner_compress.erl"},
                      {line,76}]},
                 {roadrunner_conn_loop,run_pipeline,4,
                     [{file,
                          "/src/_build/default/lib/roadrunner/src/roadrunner_conn_loop.erl"},
                      {line,576}]},
                 {proc_lib,init_p_do_apply,3,
                     [{file,"proc_lib.erl"},{line,333}]}]
    class: error
=ERROR REPORT==== 27-May-2026::22:58:27.215865 ===
    reason: {case_clause,{error,closed}}
    msg: roadrunner handler crashed
    handler: roadrunner_httparena_handler
    stacktrace: [{roadrunner_httparena_handler,consume_body,2,
                     [{file,"/src/src/roadrunner_httparena_handler.erl"},
                      {line,75}]},
                 {roadrunner_httparena_handler,upload_endpoint,1,
                     [{file,"/src/src/roadrunner_httparena_handler.erl"},
                      {line,65}]},
                 {roadrunner_compress,call,2,
                     [{file,
                          "/src/_build/default/lib/roadrunner/src/roadrunner_compress.erl"},
                      {line,76}]},
                 {roadrunner_conn_loop,run_pipeline,4,
                     [{file,
                          "/src/_build/default/lib/roadrunner/src/roadrunner_conn_loop.erl"},
                      {line,576}]},
                 {proc_lib,init_p_do_apply,3,
                     [{file,"proc_lib.erl"},{line,333}]}]
    class: error
=ERROR REPORT==== 27-May-2026::22:58:27.215902 ===
    reason: {case_clause,{error,closed}}
    msg: roadrunner handler crashed
    handler: roadrunner_httparena_handler
    stacktrace: [{roadrunner_httparena_handler,consume_body,2,
                     [{file,"/src/src/roadrunner_httparena_handler.erl"},
                      {line,75}]},
                 {roadrunner_httparena_handler,upload_endpoint,1,
                     [{file,"/src/src/roadrunner_httparena_handler.erl"},
                      {line,65}]},
                 {roadrunner_compress,call,2,
                     [{file,
                          "/src/_build/default/lib/roadrunner/src/roadrunner_compress.erl"},
                      {line,76}]},
                 {roadrunner_conn_loop,run_pipeline,4,
                     [{file,
                          "/src/_build/default/lib/roadrunner/src/roadrunner_conn_loop.erl"},
                      {line,576}]},
                 {proc_lib,init_p_do_apply,3,
                     [{file,"proc_lib.erl"},{line,333}]}]
    class: error
=ERROR REPORT==== 27-May-2026::22:58:27.215896 ===
    reason: {case_clause,{error,closed}}
    msg: roadrunner handler crashed
    handler: roadrunner_httparena_handler
    stacktrace: [{roadrunner_httparena_handler,consume_body,2,
                     [{file,"/src/src/roadrunner_httparena_handler.erl"},
                      {line,75}]},
                 {roadrunner_httparena_handler,upload_endpoint,1,
                     [{file,"/src/src/roadrunner_httparena_handler.erl"},
                      {line,65}]},
                 {roadrunner_compress,call,2,
                     [{file,
                          "/src/_build/default/lib/roadrunner/src/roadrunner_compress.erl"},
                      {line,76}]},
                 {roadrunner_conn_loop,run_pipeline,4,
                     [{file,
                          "/src/_build/default/lib/roadrunner/src/roadrunner_conn_loop.erl"},
                      {line,576}]},
                 {proc_lib,init_p_do_apply,3,
                     [{file,"proc_lib.erl"},{line,333}]}]
    class: error
=ERROR REPORT==== 27-May-2026::22:58:27.216020 ===
    reason: {case_clause,{error,closed}}
    msg: roadrunner handler crashed
    handler: roadrunner_httparena_handler
    stacktrace: [{roadrunner_httparena_handler,consume_body,2,
                     [{file,"/src/src/roadrunner_httparena_handler.erl"},
                      {line,75}]},
                 {roadrunner_httparena_handler,upload_endpoint,1,
                     [{file,"/src/src/roadrunner_httparena_handler.erl"},
                      {line,65}]},
                 {roadrunner_compress,call,2,
                     [{file,
                          "/src/_build/default/lib/roadrunner/src/roadrunner_compress.erl"},
                      {line,76}]},
                 {roadrunner_conn_loop,run_pipeline,4,
                     [{file,
                          "/src/_build/default/lib/roadrunner/src/roadrunner_conn_loop.erl"},
                      {line,576}]},
                 {proc_lib,init_p_do_apply,3,
                     [{file,"proc_lib.erl"},{line,333}]}]
    class: error
=ERROR REPORT==== 27-May-2026::22:58:27.215985 ===
    reason: {case_clause,{error,closed}}
    msg: roadrunner handler crashed
    handler: roadrunner_httparena_handler
    stacktrace: [{roadrunner_httparena_handler,consume_body,2,
                     [{file,"/src/src/roadrunner_httparena_handler.erl"},
                      {line,75}]},
                 {roadrunner_httparena_handler,upload_endpoint,1,
                     [{file,"/src/src/roadrunner_httparena_handler.erl"},
                      {line,65}]},
                 {roadrunner_compress,call,2,
                     [{file,
                          "/src/_build/default/lib/roadrunner/src/roadrunner_compress.erl"},
                      {line,76}]},
                 {roadrunner_conn_loop,run_pipeline,4,
                     [{file,
                          "/src/_build/default/lib/roadrunner/src/roadrunner_conn_loop.erl"},
                      {line,576}]},
                 {proc_lib,init_p_do_apply,3,
                     [{file,"proc_lib.erl"},{line,333}]}]
    class: error
=ERROR REPORT==== 27-May-2026::22:58:27.216004 ===
    reason: {case_clause,{error,closed}}
    msg: roadrunner handler crashed
    handler: roadrunner_httparena_handler
    stacktrace: [{roadrunner_httparena_handler,consume_body,2,
                     [{file,"/src/src/roadrunner_httparena_handler.erl"},
                      {line,75}]},
                 {roadrunner_httparena_handler,upload_endpoint,1,
                     [{file,"/src/src/roadrunner_httparena_handler.erl"},
                      {line,65}]},
                 {roadrunner_compress,call,2,
                     [{file,
                          "/src/_build/default/lib/roadrunner/src/roadrunner_compress.erl"},
                      {line,76}]},
                 {roadrunner_conn_loop,run_pipeline,4,
                     [{file,
                          "/src/_build/default/lib/roadrunner/src/roadrunner_conn_loop.erl"},
                      {line,576}]},
                 {proc_lib,init_p_do_apply,3,
                     [{file,"proc_lib.erl"},{line,333}]}]
    class: error
=ERROR REPORT==== 27-May-2026::22:58:27.215993 ===
    reason: {case_clause,{error,closed}}
    msg: roadrunner handler crashed
    handler: roadrunner_httparena_handler
    stacktrace: [{roadrunner_httparena_handler,consume_body,2,
                     [{file,"/src/src/roadrunner_httparena_handler.erl"},
                      {line,75}]},
                 {roadrunner_httparena_handler,upload_endpoint,1,
                     [{file,"/src/src/roadrunner_httparena_handler.erl"},
                      {line,65}]},
                 {roadrunner_compress,call,2,
                     [{file,
                          "/src/_build/default/lib/roadrunner/src/roadrunner_compress.erl"},
                      {line,76}]},
                 {roadrunner_conn_loop,run_pipeline,4,
                     [{file,
                          "/src/_build/default/lib/roadrunner/src/roadrunner_conn_loop.erl"},
                      {line,576}]},
                 {proc_lib,init_p_do_apply,3,
                     [{file,"proc_lib.erl"},{line,333}]}]
    class: error
=ERROR REPORT==== 27-May-2026::22:58:27.217650 ===
    reason: {case_clause,{error,closed}}
    msg: roadrunner handler crashed
    handler: roadrunner_httparena_handler
    stacktrace: [{roadrunner_httparena_handler,consume_body,2,
                     [{file,"/src/src/roadrunner_httparena_handler.erl"},
                      {line,75}]},
                 {roadrunner_httparena_handler,upload_endpoint,1,
                     [{file,"/src/src/roadrunner_httparena_handler.erl"},
                      {line,65}]},
                 {roadrunner_compress,call,2,
                     [{file,
                          "/src/_build/default/lib/roadrunner/src/roadrunner_compress.erl"},
                      {line,76}]},
                 {roadrunner_conn_loop,run_pipeline,4,
                     [{file,
                          "/src/_build/default/lib/roadrunner/src/roadrunner_conn_loop.erl"},
                      {line,576}]},
                 {proc_lib,init_p_do_apply,3,
                     [{file,"proc_lib.erl"},{line,333}]}]
    class: error
=ERROR REPORT==== 27-May-2026::22:58:27.217627 ===
    reason: {case_clause,{error,closed}}
    msg: roadrunner handler crashed
    handler: roadrunner_httparena_handler
    stacktrace: [{roadrunner_httparena_handler,consume_body,2,
                     [{file,"/src/src/roadrunner_httparena_handler.erl"},
                      {line,75}]},
                 {roadrunner_httparena_handler,upload_endpoint,1,
                     [{file,"/src/src/roadrunner_httparena_handler.erl"},
                      {line,65}]},
                 {roadrunner_compress,call,2,
                     [{file,
                          "/src/_build/default/lib/roadrunner/src/roadrunner_compress.erl"},
                      {line,76}]},
                 {roadrunner_conn_loop,run_pipeline,4,
                     [{file,
                          "/src/_build/default/lib/roadrunner/src/roadrunner_conn_loop.erl"},
                      {line,576}]},
                 {proc_lib,init_p_do_apply,3,
                     [{file,"proc_lib.erl"},{line,333}]}]
    class: error
=ERROR REPORT==== 27-May-2026::22:58:27.217681 ===
    reason: {case_clause,{error,closed}}
    msg: roadrunner handler crashed
    handler: roadrunner_httparena_handler
    stacktrace: [{roadrunner_httparena_handler,consume_body,2,
                     [{file,"/src/src/roadrunner_httparena_handler.erl"},
                      {line,75}]},
                 {roadrunner_httparena_handler,upload_endpoint,1,
                     [{file,"/src/src/roadrunner_httparena_handler.erl"},
                      {line,65}]},
                 {roadrunner_compress,call,2,
                     [{file,
                          "/src/_build/default/lib/roadrunner/src/roadrunner_compress.erl"},
                      {line,76}]},
                 {roadrunner_conn_loop,run_pipeline,4,
                     [{file,
                          "/src/_build/default/lib/roadrunner/src/roadrunner_conn_loop.erl"},
                      {line,576}]},
                 {proc_lib,init_p_do_apply,3,
                     [{file,"proc_lib.erl"},{line,333}]}]
    class: error
=ERROR REPORT==== 27-May-2026::22:58:27.217660 ===
    reason: {case_clause,{error,closed}}
    msg: roadrunner handler crashed
    handler: roadrunner_httparena_handler
    stacktrace: [{roadrunner_httparena_handler,consume_body,2,
                     [{file,"/src/src/roadrunner_httparena_handler.erl"},
                      {line,75}]},
                 {roadrunner_httparena_handler,upload_endpoint,1,
                     [{file,"/src/src/roadrunner_httparena_handler.erl"},
                      {line,65}]},
                 {roadrunner_compress,call,2,
                     [{file,
                          "/src/_build/default/lib/roadrunner/src/roadrunner_compress.erl"},
                      {line,76}]},
                 {roadrunner_conn_loop,run_pipeline,4,
                     [{file,
                          "/src/_build/default/lib/roadrunner/src/roadrunner_conn_loop.erl"},
                      {line,576}]},
                 {proc_lib,init_p_do_apply,3,
                     [{file,"proc_lib.erl"},{line,333}]}]
    class: error
=ERROR REPORT==== 27-May-2026::22:58:27.217670 ===
    reason: {case_clause,{error,closed}}
    msg: roadrunner handler crashed
    handler: roadrunner_httparena_handler
    stacktrace: [{roadrunner_httparena_handler,consume_body,2,
                     [{file,"/src/src/roadrunner_httparena_handler.erl"},
                      {line,75}]},
                 {roadrunner_httparena_handler,upload_endpoint,1,
                     [{file,"/src/src/roadrunner_httparena_handler.erl"},
                      {line,65}]},
                 {roadrunner_compress,call,2,
                     [{file,
                          "/src/_build/default/lib/roadrunner/src/roadrunner_compress.erl"},
                      {line,76}]},
                 {roadrunner_conn_loop,run_pipeline,4,
                     [{file,
                          "/src/_build/default/lib/roadrunner/src/roadrunner_conn_loop.erl"},
                      {line,576}]},
                 {proc_lib,init_p_do_apply,3,
                     [{file,"proc_lib.erl"},{line,333}]}]
    class: error
=ERROR REPORT==== 27-May-2026::22:58:27.217705 ===
    reason: {case_clause,{error,closed}}
    msg: roadrunner handler crashed
    handler: roadrunner_httparena_handler
    stacktrace: [{roadrunner_httparena_handler,consume_body,2,
                     [{file,"/src/src/roadrunner_httparena_handler.erl"},
                      {line,75}]},
                 {roadrunner_httparena_handler,upload_endpoint,1,
                     [{file,"/src/src/roadrunner_httparena_handler.erl"},
                      {line,65}]},
                 {roadrunner_compress,call,2,
                     [{file,
                          "/src/_build/default/lib/roadrunner/src/roadrunner_compress.erl"},
                      {line,76}]},
                 {roadrunner_conn_loop,run_pipeline,4,
                     [{file,
                          "/src/_build/default/lib/roadrunner/src/roadrunner_conn_loop.erl"},
                      {line,576}]},
                 {proc_lib,init_p_do_apply,3,
                     [{file,"proc_lib.erl"},{line,333}]}]
    class: error
=ERROR REPORT==== 27-May-2026::22:58:27.217751 ===
    reason: {case_clause,{error,closed}}
    msg: roadrunner handler crashed
    handler: roadrunner_httparena_handler
    stacktrace: [{roadrunner_httparena_handler,consume_body,2,
                     [{file,"/src/src/roadrunner_httparena_handler.erl"},
                      {line,75}]},
                 {roadrunner_httparena_handler,upload_endpoint,1,
                     [{file,"/src/src/roadrunner_httparena_handler.erl"},
                      {line,65}]},
                 {roadrunner_compress,call,2,
                     [{file,
                          "/src/_build/default/lib/roadrunner/src/roadrunner_compress.erl"},
                      {line,76}]},
                 {roadrunner_conn_loop,run_pipeline,4,
                     [{file,
                          "/src/_build/default/lib/roadrunner/src/roadrunner_conn_loop.erl"},
                      {line,576}]},
                 {proc_lib,init_p_do_apply,3,
                     [{file,"proc_lib.erl"},{line,333}]}]
    class: error
=ERROR REPORT==== 27-May-2026::22:58:27.217734 ===
    reason: {case_clause,{error,closed}}
    msg: roadrunner handler crashed
    handler: roadrunner_httparena_handler
    stacktrace: [{roadrunner_httparena_handler,consume_body,2,
                     [{file,"/src/src/roadrunner_httparena_handler.erl"},
                      {line,75}]},
                 {roadrunner_httparena_handler,upload_endpoint,1,
                     [{file,"/src/src/roadrunner_httparena_handler.erl"},
                      {line,65}]},
                 {roadrunner_compress,call,2,
                     [{file,
                          "/src/_build/default/lib/roadrunner/src/roadrunner_compress.erl"},
                      {line,76}]},
                 {roadrunner_conn_loop,run_pipeline,4,
                     [{file,
                          "/src/_build/default/lib/roadrunner/src/roadrunner_conn_loop.erl"},
                      {line,576}]},
                 {proc_lib,init_p_do_apply,3,
                     [{file,"proc_lib.erl"},{line,333}]}]
    class: error
=ERROR REPORT==== 27-May-2026::22:58:27.217754 ===
    reason: {case_clause,{error,closed}}
    msg: roadrunner handler crashed
    handler: roadrunner_httparena_handler
    stacktrace: [{roadrunner_httparena_handler,consume_body,2,
                     [{file,"/src/src/roadrunner_httparena_handler.erl"},
                      {line,75}]},
                 {roadrunner_httparena_handler,upload_endpoint,1,
                     [{file,"/src/src/roadrunner_httparena_handler.erl"},
                      {line,65}]},
                 {roadrunner_compress,call,2,
                     [{file,
                          "/src/_build/default/lib/roadrunner/src/roadrunner_compress.erl"},
                      {line,76}]},
                 {roadrunner_conn_loop,run_pipeline,4,
                     [{file,
                          "/src/_build/default/lib/roadrunner/src/roadrunner_conn_loop.erl"},
                      {line,576}]},
                 {proc_lib,init_p_do_apply,3,
                     [{file,"proc_lib.erl"},{line,333}]}]
    class: error
=ERROR REPORT==== 27-May-2026::22:58:34.568785 ===
    reason: {case_clause,{error,closed}}
    msg: roadrunner handler crashed
    handler: roadrunner_httparena_handler
    stacktrace: [{roadrunner_httparena_handler,consume_body,2,
                     [{file,"/src/src/roadrunner_httparena_handler.erl"},
                      {line,75}]},
                 {roadrunner_httparena_handler,upload_endpoint,1,
                     [{file,"/src/src/roadrunner_httparena_handler.erl"},
                      {line,65}]},
                 {roadrunner_compress,call,2,
                     [{file,
                          "/src/_build/default/lib/roadrunner/src/roadrunner_compress.erl"},
                      {line,76}]},
                 {roadrunner_conn_loop,run_pipeline,4,
                     [{file,
                          "/src/_build/default/lib/roadrunner/src/roadrunner_conn_loop.erl"},
                      {line,576}]},
                 {proc_lib,init_p_do_apply,3,
                     [{file,"proc_lib.erl"},{line,333}]}]
    class: error
=ERROR REPORT==== 27-May-2026::22:58:34.568767 ===
    reason: {case_clause,{error,closed}}
    msg: roadrunner handler crashed
    handler: roadrunner_httparena_handler
    stacktrace: [{roadrunner_httparena_handler,consume_body,2,
                     [{file,"/src/src/roadrunner_httparena_handler.erl"},
                      {line,75}]},
                 {roadrunner_httparena_handler,upload_endpoint,1,
                     [{file,"/src/src/roadrunner_httparena_handler.erl"},
                      {line,65}]},
                 {roadrunner_compress,call,2,
                     [{file,
                          "/src/_build/default/lib/roadrunner/src/roadrunner_compress.erl"},
                      {line,76}]},
                 {roadrunner_conn_loop,run_pipeline,4,
                     [{file,
                          "/src/_build/default/lib/roadrunner/src/roadrunner_conn_loop.erl"},
                      {line,576}]},
                 {proc_lib,init_p_do_apply,3,
                     [{file,"proc_lib.erl"},{line,333}]}]
    class: error
=ERROR REPORT==== 27-May-2026::22:58:34.568827 ===
    reason: {case_clause,{error,closed}}
    msg: roadrunner handler crashed
    handler: roadrunner_httparena_handler
    stacktrace: [{roadrunner_httparena_handler,consume_body,2,
                     [{file,"/src/src/roadrunner_httparena_handler.erl"},
                      {line,75}]},
                 {roadrunner_httparena_handler,upload_endpoint,1,
                     [{file,"/src/src/roadrunner_httparena_handler.erl"},
                      {line,65}]},
                 {roadrunner_compress,call,2,
                     [{file,
                          "/src/_build/default/lib/roadrunner/src/roadrunner_compress.erl"},
                      {line,76}]},
                 {roadrunner_conn_loop,run_pipeline,4,
                     [{file,
                          "/src/_build/default/lib/roadrunner/src/roadrunner_conn_loop.erl"},
                      {line,576}]},
                 {proc_lib,init_p_do_apply,3,
                     [{file,"proc_lib.erl"},{line,333}]}]
    class: error
=ERROR REPORT==== 27-May-2026::22:58:34.568843 ===
    reason: {case_clause,{error,closed}}
    msg: roadrunner handler crashed
    handler: roadrunner_httparena_handler
    stacktrace: [{roadrunner_httparena_handler,consume_body,2,
                     [{file,"/src/src/roadrunner_httparena_handler.erl"},
                      {line,75}]},
                 {roadrunner_httparena_handler,upload_endpoint,1,
                     [{file,"/src/src/roadrunner_httparena_handler.erl"},
                      {line,65}]},
                 {roadrunner_compress,call,2,
                     [{file,
                          "/src/_build/default/lib/roadrunner/src/roadrunner_compress.erl"},
                      {line,76}]},
                 {roadrunner_conn_loop,run_pipeline,4,
                     [{file,
                          "/src/_build/default/lib/roadrunner/src/roadrunner_conn_loop.erl"},
                      {line,576}]},
                 {proc_lib,init_p_do_apply,3,
                     [{file,"proc_lib.erl"},{line,333}]}]
    class: error
=ERROR REPORT==== 27-May-2026::22:58:34.568723 ===
    reason: {case_clause,{error,closed}}
    msg: roadrunner handler crashed
    handler: roadrunner_httparena_handler
    stacktrace: [{roadrunner_httparena_handler,consume_body,2,
                     [{file,"/src/src/roadrunner_httparena_handler.erl"},
                      {line,75}]},
                 {roadrunner_httparena_handler,upload_endpoint,1,
                     [{file,"/src/src/roadrunner_httparena_handler.erl"},
                      {line,65}]},
                 {roadrunner_compress,call,2,
                     [{file,
                          "/src/_build/default/lib/roadrunner/src/roadrunner_compress.erl"},
                      {line,76}]},
                 {roadrunner_conn_loop,run_pipeline,4,
                     [{file,
                          "/src/_build/default/lib/roadrunner/src/roadrunner_conn_loop.erl"},
                      {line,576}]},
                 {proc_lib,init_p_do_apply,3,
                     [{file,"proc_lib.erl"},{line,333}]}]
    class: error
=ERROR REPORT==== 27-May-2026::22:58:34.568883 ===
    reason: {case_clause,{error,closed}}
    msg: roadrunner handler crashed
    handler: roadrunner_httparena_handler
    stacktrace: [{roadrunner_httparena_handler,consume_body,2,
                     [{file,"/src/src/roadrunner_httparena_handler.erl"},
                      {line,75}]},
                 {roadrunner_httparena_handler,upload_endpoint,1,
                     [{file,"/src/src/roadrunner_httparena_handler.erl"},
                      {line,65}]},
                 {roadrunner_compress,call,2,
                     [{file,
                          "/src/_build/default/lib/roadrunner/src/roadrunner_compress.erl"},
                      {line,76}]},
                 {roadrunner_conn_loop,run_pipeline,4,
                     [{file,
                          "/src/_build/default/lib/roadrunner/src/roadrunner_conn_loop.erl"},
                      {line,576}]},
                 {proc_lib,init_p_do_apply,3,
                     [{file,"proc_lib.erl"},{line,333}]}]
    class: error
=ERROR REPORT==== 27-May-2026::22:58:34.568871 ===
    reason: {case_clause,{error,closed}}
    msg: roadrunner handler crashed
    handler: roadrunner_httparena_handler
    stacktrace: [{roadrunner_httparena_handler,consume_body,2,
                     [{file,"/src/src/roadrunner_httparena_handler.erl"},
                      {line,75}]},
                 {roadrunner_httparena_handler,upload_endpoint,1,
                     [{file,"/src/src/roadrunner_httparena_handler.erl"},
                      {line,65}]},
                 {roadrunner_compress,call,2,
                     [{file,
                          "/src/_build/default/lib/roadrunner/src/roadrunner_compress.erl"},
                      {line,76}]},
                 {roadrunner_conn_loop,run_pipeline,4,
                     [{file,
                          "/src/_build/default/lib/roadrunner/src/roadrunner_conn_loop.erl"},
                      {line,576}]},
                 {proc_lib,init_p_do_apply,3,
                     [{file,"proc_lib.erl"},{line,333}]}]
    class: error
=ERROR REPORT==== 27-May-2026::22:58:34.568785 ===
    reason: {case_clause,{error,closed}}
    msg: roadrunner handler crashed
    handler: roadrunner_httparena_handler
    stacktrace: [{roadrunner_httparena_handler,consume_body,2,
                     [{file,"/src/src/roadrunner_httparena_handler.erl"},
                      {line,75}]},
                 {roadrunner_httparena_handler,upload_endpoint,1,
                     [{file,"/src/src/roadrunner_httparena_handler.erl"},
                      {line,65}]},
                 {roadrunner_compress,call,2,
                     [{file,
                          "/src/_build/default/lib/roadrunner/src/roadrunner_compress.erl"},
                      {line,76}]},
                 {roadrunner_conn_loop,run_pipeline,4,
                     [{file,
                          "/src/_build/default/lib/roadrunner/src/roadrunner_conn_loop.erl"},
                      {line,576}]},
                 {proc_lib,init_p_do_apply,3,
                     [{file,"proc_lib.erl"},{line,333}]}]
    class: error
=ERROR REPORT==== 27-May-2026::22:58:34.568808 ===
    reason: {case_clause,{error,closed}}
    msg: roadrunner handler crashed
    handler: roadrunner_httparena_handler
    stacktrace: [{roadrunner_httparena_handler,consume_body,2,
                     [{file,"/src/src/roadrunner_httparena_handler.erl"},
                      {line,75}]},
                 {roadrunner_httparena_handler,upload_endpoint,1,
                     [{file,"/src/src/roadrunner_httparena_handler.erl"},
                      {line,65}]},
                 {roadrunner_compress,call,2,
                     [{file,
                          "/src/_build/default/lib/roadrunner/src/roadrunner_compress.erl"},
                      {line,76}]},
                 {roadrunner_conn_loop,run_pipeline,4,
                     [{file,
                          "/src/_build/default/lib/roadrunner/src/roadrunner_conn_loop.erl"},
                      {line,576}]},
                 {proc_lib,init_p_do_apply,3,
                     [{file,"proc_lib.erl"},{line,333}]}]
    class: error
=ERROR REPORT==== 27-May-2026::22:58:34.569037 ===
    reason: {case_clause,{error,closed}}
    msg: roadrunner handler crashed
    handler: roadrunner_httparena_handler
    stacktrace: [{roadrunner_httparena_handler,consume_body,2,
                     [{file,"/src/src/roadrunner_httparena_handler.erl"},
                      {line,75}]},
                 {roadrunner_httparena_handler,upload_endpoint,1,
                     [{file,"/src/src/roadrunner_httparena_handler.erl"},
                      {line,65}]},
                 {roadrunner_compress,call,2,
                     [{file,
                          "/src/_build/default/lib/roadrunner/src/roadrunner_compress.erl"},
                      {line,76}]},
                 {roadrunner_conn_loop,run_pipeline,4,
                     [{file,
                          "/src/_build/default/lib/roadrunner/src/roadrunner_conn_loop.erl"},
                      {line,576}]},
                 {proc_lib,init_p_do_apply,3,
                     [{file,"proc_lib.erl"},{line,333}]}]
    class: error
=ERROR REPORT==== 27-May-2026::22:58:34.568974 ===
    reason: {case_clause,{error,closed}}
    msg: roadrunner handler crashed
    handler: roadrunner_httparena_handler
    stacktrace: [{roadrunner_httparena_handler,consume_body,2,
                     [{file,"/src/src/roadrunner_httparena_handler.erl"},
                      {line,75}]},
                 {roadrunner_httparena_handler,upload_endpoint,1,
                     [{file,"/src/src/roadrunner_httparena_handler.erl"},
                      {line,65}]},
                 {roadrunner_compress,call,2,
                     [{file,
                          "/src/_build/default/lib/roadrunner/src/roadrunner_compress.erl"},
                      {line,76}]},
                 {roadrunner_conn_loop,run_pipeline,4,
                     [{file,
                          "/src/_build/default/lib/roadrunner/src/roadrunner_conn_loop.erl"},
                      {line,576}]},
                 {proc_lib,init_p_do_apply,3,
                     [{file,"proc_lib.erl"},{line,333}]}]
    class: error
=ERROR REPORT==== 27-May-2026::22:58:34.569017 ===
    reason: {case_clause,{error,closed}}
    msg: roadrunner handler crashed
    handler: roadrunner_httparena_handler
    stacktrace: [{roadrunner_httparena_handler,consume_body,2,
                     [{file,"/src/src/roadrunner_httparena_handler.erl"},
                      {line,75}]},
                 {roadrunner_httparena_handler,upload_endpoint,1,
                     [{file,"/src/src/roadrunner_httparena_handler.erl"},
                      {line,65}]},
                 {roadrunner_compress,call,2,
                     [{file,
                          "/src/_build/default/lib/roadrunner/src/roadrunner_compress.erl"},
                      {line,76}]},
                 {roadrunner_conn_loop,run_pipeline,4,
                     [{file,
                          "/src/_build/default/lib/roadrunner/src/roadrunner_conn_loop.erl"},
                      {line,576}]},
                 {proc_lib,init_p_do_apply,3,
                     [{file,"proc_lib.erl"},{line,333}]}]
    class: error
=ERROR REPORT==== 27-May-2026::22:58:34.568995 ===
    reason: {case_clause,{error,closed}}
    msg: roadrunner handler crashed
    handler: roadrunner_httparena_handler
    stacktrace: [{roadrunner_httparena_handler,consume_body,2,
                     [{file,"/src/src/roadrunner_httparena_handler.erl"},
                      {line,75}]},
                 {roadrunner_httparena_handler,upload_endpoint,1,
                     [{file,"/src/src/roadrunner_httparena_handler.erl"},
                      {line,65}]},
                 {roadrunner_compress,call,2,
                     [{file,
                          "/src/_build/default/lib/roadrunner/src/roadrunner_compress.erl"},
                      {line,76}]},
                 {roadrunner_conn_loop,run_pipeline,4,
                     [{file,
                          "/src/_build/default/lib/roadrunner/src/roadrunner_conn_loop.erl"},
                      {line,576}]},
                 {proc_lib,init_p_do_apply,3,
                     [{file,"proc_lib.erl"},{line,333}]}]
    class: error
=ERROR REPORT==== 27-May-2026::22:58:34.569085 ===
    reason: {case_clause,{error,closed}}
    msg: roadrunner handler crashed
    handler: roadrunner_httparena_handler
    stacktrace: [{roadrunner_httparena_handler,consume_body,2,
                     [{file,"/src/src/roadrunner_httparena_handler.erl"},
                      {line,75}]},
                 {roadrunner_httparena_handler,upload_endpoint,1,
                     [{file,"/src/src/roadrunner_httparena_handler.erl"},
                      {line,65}]},
                 {roadrunner_compress,call,2,
                     [{file,
                          "/src/_build/default/lib/roadrunner/src/roadrunner_compress.erl"},
                      {line,76}]},
                 {roadrunner_conn_loop,run_pipeline,4,
                     [{file,
                          "/src/_build/default/lib/roadrunner/src/roadrunner_conn_loop.erl"},
                      {line,576}]},
                 {proc_lib,init_p_do_apply,3,
                     [{file,"proc_lib.erl"},{line,333}]}]
    class: error
=ERROR REPORT==== 27-May-2026::22:58:34.569076 ===
    reason: {case_clause,{error,closed}}
    msg: roadrunner handler crashed
    handler: roadrunner_httparena_handler
    stacktrace: [{roadrunner_httparena_handler,consume_body,2,
                     [{file,"/src/src/roadrunner_httparena_handler.erl"},
                      {line,75}]},
                 {roadrunner_httparena_handler,upload_endpoint,1,
                     [{file,"/src/src/roadrunner_httparena_handler.erl"},
                      {line,65}]},
                 {roadrunner_compress,call,2,
                     [{file,
                          "/src/_build/default/lib/roadrunner/src/roadrunner_compress.erl"},
                      {line,76}]},
                 {roadrunner_conn_loop,run_pipeline,4,
                     [{file,
                          "/src/_build/default/lib/roadrunner/src/roadrunner_conn_loop.erl"},
                      {line,576}]},
                 {proc_lib,init_p_do_apply,3,
                     [{file,"proc_lib.erl"},{line,333}]}]
    class: error
=ERROR REPORT==== 27-May-2026::22:58:34.569095 ===
    reason: {case_clause,{error,closed}}
    msg: roadrunner handler crashed
    handler: roadrunner_httparena_handler
    stacktrace: [{roadrunner_httparena_handler,consume_body,2,
                     [{file,"/src/src/roadrunner_httparena_handler.erl"},
                      {line,75}]},
                 {roadrunner_httparena_handler,upload_endpoint,1,
                     [{file,"/src/src/roadrunner_httparena_handler.erl"},
                      {line,65}]},
                 {roadrunner_compress,call,2,
                     [{file,
                          "/src/_build/default/lib/roadrunner/src/roadrunner_compress.erl"},
                      {line,76}]},
                 {roadrunner_conn_loop,run_pipeline,4,
                     [{file,
                          "/src/_build/default/lib/roadrunner/src/roadrunner_conn_loop.erl"},
                      {line,576}]},
                 {proc_lib,init_p_do_apply,3,
                     [{file,"proc_lib.erl"},{line,333}]}]
    class: error
=ERROR REPORT==== 27-May-2026::22:58:34.569122 ===
    reason: {case_clause,{error,closed}}
    msg: roadrunner handler crashed
    handler: roadrunner_httparena_handler
    stacktrace: [{roadrunner_httparena_handler,consume_body,2,
                     [{file,"/src/src/roadrunner_httparena_handler.erl"},
                      {line,75}]},
                 {roadrunner_httparena_handler,upload_endpoint,1,
                     [{file,"/src/src/roadrunner_httparena_handler.erl"},
                      {line,65}]},
                 {roadrunner_compress,call,2,
                     [{file,
                          "/src/_build/default/lib/roadrunner/src/roadrunner_compress.erl"},
                      {line,76}]},
                 {roadrunner_conn_loop,run_pipeline,4,
                     [{file,
                          "/src/_build/default/lib/roadrunner/src/roadrunner_conn_loop.erl"},
                      {line,576}]},
                 {proc_lib,init_p_do_apply,3,
                     [{file,"proc_lib.erl"},{line,333}]}]
    class: error
=ERROR REPORT==== 27-May-2026::22:58:34.569088 ===
    reason: {case_clause,{error,closed}}
    msg: roadrunner handler crashed
    handler: roadrunner_httparena_handler
    stacktrace: [{roadrunner_httparena_handler,consume_body,2,
                     [{file,"/src/src/roadrunner_httparena_handler.erl"},
                      {line,75}]},
                 {roadrunner_httparena_handler,upload_endpoint,1,
                     [{file,"/src/src/roadrunner_httparena_handler.erl"},
                      {line,65}]},
                 {roadrunner_compress,call,2,
                     [{file,
                          "/src/_build/default/lib/roadrunner/src/roadrunner_compress.erl"},
                      {line,76}]},
                 {roadrunner_conn_loop,run_pipeline,4,
                     [{file,
                          "/src/_build/default/lib/roadrunner/src/roadrunner_conn_loop.erl"},
                      {line,576}]},
                 {proc_lib,init_p_do_apply,3,
                     [{file,"proc_lib.erl"},{line,333}]}]
    class: error
=ERROR REPORT==== 27-May-2026::22:58:34.568979 ===
    reason: {case_clause,{error,closed}}
    msg: roadrunner handler crashed
    handler: roadrunner_httparena_handler
    stacktrace: [{roadrunner_httparena_handler,consume_body,2,
                     [{file,"/src/src/roadrunner_httparena_handler.erl"},
                      {line,75}]},
                 {roadrunner_httparena_handler,upload_endpoint,1,
                     [{file,"/src/src/roadrunner_httparena_handler.erl"},
                      {line,65}]},
                 {roadrunner_compress,call,2,
                     [{file,
                          "/src/_build/default/lib/roadrunner/src/roadrunner_compress.erl"},
                      {line,76}]},
                 {roadrunner_conn_loop,run_pipeline,4,
                     [{file,
                          "/src/_build/default/lib/roadrunner/src/roadrunner_conn_loop.erl"},
                      {line,576}]},
                 {proc_lib,init_p_do_apply,3,
                     [{file,"proc_lib.erl"},{line,333}]}]
    class: error
=ERROR REPORT==== 27-May-2026::22:58:34.569142 ===
    reason: {case_clause,{error,closed}}
    msg: roadrunner handler crashed
    handler: roadrunner_httparena_handler
    stacktrace: [{roadrunner_httparena_handler,consume_body,2,
                     [{file,"/src/src/roadrunner_httparena_handler.erl"},
                      {line,75}]},
                 {roadrunner_httparena_handler,upload_endpoint,1,
                     [{file,"/src/src/roadrunner_httparena_handler.erl"},
                      {line,65}]},
                 {roadrunner_compress,call,2,
                     [{file,
                          "/src/_build/default/lib/roadrunner/src/roadrunner_compress.erl"},
                      {line,76}]},
                 {roadrunner_conn_loop,run_pipeline,4,
                     [{file,
                          "/src/_build/default/lib/roadrunner/src/roadrunner_conn_loop.erl"},
                      {line,576}]},
                 {proc_lib,init_p_do_apply,3,
                     [{file,"proc_lib.erl"},{line,333}]}]
    class: error
=ERROR REPORT==== 27-May-2026::22:58:34.569168 ===
    reason: {case_clause,{error,closed}}
    msg: roadrunner handler crashed
    handler: roadrunner_httparena_handler
    stacktrace: [{roadrunner_httparena_handler,consume_body,2,
                     [{file,"/src/src/roadrunner_httparena_handler.erl"},
                      {line,75}]},
                 {roadrunner_httparena_handler,upload_endpoint,1,
                     [{file,"/src/src/roadrunner_httparena_handler.erl"},
                      {line,65}]},
                 {roadrunner_compress,call,2,
                     [{file,
                          "/src/_build/default/lib/roadrunner/src/roadrunner_compress.erl"},
                      {line,76}]},
                 {roadrunner_conn_loop,run_pipeline,4,
                     [{file,
                          "/src/_build/default/lib/roadrunner/src/roadrunner_conn_loop.erl"},
                      {line,576}]},
                 {proc_lib,init_p_do_apply,3,
                     [{file,"proc_lib.erl"},{line,333}]}]
    class: error
=ERROR REPORT==== 27-May-2026::22:58:34.569185 ===
    reason: {case_clause,{error,closed}}
    msg: roadrunner handler crashed
    handler: roadrunner_httparena_handler
    stacktrace: [{roadrunner_httparena_handler,consume_body,2,
                     [{file,"/src/src/roadrunner_httparena_handler.erl"},
                      {line,75}]},
                 {roadrunner_httparena_handler,upload_endpoint,1,
                     [{file,"/src/src/roadrunner_httparena_handler.erl"},
                      {line,65}]},
                 {roadrunner_compress,call,2,
                     [{file,
                          "/src/_build/default/lib/roadrunner/src/roadrunner_compress.erl"},
                      {line,76}]},
                 {roadrunner_conn_loop,run_pipeline,4,
                     [{file,
                          "/src/_build/default/lib/roadrunner/src/roadrunner_conn_loop.erl"},
                      {line,576}]},
                 {proc_lib,init_p_do_apply,3,
                     [{file,"proc_lib.erl"},{line,333}]}]
    class: error
=ERROR REPORT==== 27-May-2026::22:58:34.569021 ===
    reason: {case_clause,{error,closed}}
    msg: roadrunner handler crashed
    handler: roadrunner_httparena_handler
    stacktrace: [{roadrunner_httparena_handler,consume_body,2,
                     [{file,"/src/src/roadrunner_httparena_handler.erl"},
                      {line,75}]},
                 {roadrunner_httparena_handler,upload_endpoint,1,
                     [{file,"/src/src/roadrunner_httparena_handler.erl"},
                      {line,65}]},
                 {roadrunner_compress,call,2,
                     [{file,
                          "/src/_build/default/lib/roadrunner/src/roadrunner_compress.erl"},
                      {line,76}]},
                 {roadrunner_conn_loop,run_pipeline,4,
                     [{file,
                          "/src/_build/default/lib/roadrunner/src/roadrunner_conn_loop.erl"},
                      {line,576}]},
                 {proc_lib,init_p_do_apply,3,
                     [{file,"proc_lib.erl"},{line,333}]}]
    class: error
=ERROR REPORT==== 27-May-2026::22:58:34.569164 ===
    reason: {case_clause,{error,closed}}
    msg: roadrunner handler crashed
    handler: roadrunner_httparena_handler
    stacktrace: [{roadrunner_httparena_handler,consume_body,2,
                     [{file,"/src/src/roadrunner_httparena_handler.erl"},
                      {line,75}]},
                 {roadrunner_httparena_handler,upload_endpoint,1,
                     [{file,"/src/src/roadrunner_httparena_handler.erl"},
                      {line,65}]},
                 {roadrunner_compress,call,2,
                     [{file,
                          "/src/_build/default/lib/roadrunner/src/roadrunner_compress.erl"},
                      {line,76}]},
                 {roadrunner_conn_loop,run_pipeline,4,
                     [{file,
                          "/src/_build/default/lib/roadrunner/src/roadrunner_conn_loop.erl"},
                      {line,576}]},
                 {proc_lib,init_p_do_apply,3,
                     [{file,"proc_lib.erl"},{line,333}]}]
    class: error
=ERROR REPORT==== 27-May-2026::22:58:34.569181 ===
    reason: {case_clause,{error,closed}}
    msg: roadrunner handler crashed
    handler: roadrunner_httparena_handler
    stacktrace: [{roadrunner_httparena_handler,consume_body,2,
                     [{file,"/src/src/roadrunner_httparena_handler.erl"},
                      {line,75}]},
                 {roadrunner_httparena_handler,upload_endpoint,1,
                     [{file,"/src/src/roadrunner_httparena_handler.erl"},
                      {line,65}]},
                 {roadrunner_compress,call,2,
                     [{file,
                          "/src/_build/default/lib/roadrunner/src/roadrunner_compress.erl"},
                      {line,76}]},
                 {roadrunner_conn_loop,run_pipeline,4,
                     [{file,
                          "/src/_build/default/lib/roadrunner/src/roadrunner_conn_loop.erl"},
                      {line,576}]},
                 {proc_lib,init_p_do_apply,3,
                     [{file,"proc_lib.erl"},{line,333}]}]
    class: error
