Exec: /app/erts-17.0/bin/erlexec -noinput +Bd -boot /app/releases/0.1.0/start -mode embedded -boot_var SYSTEM_LIB_DIR /app/lib -config /app/releases/0.1.0/sys.config -args_file /app/releases/0.1.0/vm.args -- foreground
Root: /app
/app
=ESOCK WARNING MSG==== 27-May-2026::22:56:07.190366 ===
[UNIX-ESSIO] Failed open sctp dynamic library: libsctp.so.1
=NOTICE REPORT==== 27-May-2026::22:56:13.152521 ===
    reason: closed
    msg: roadrunner response send failed
    phase: buffered_response
=NOTICE REPORT==== 27-May-2026::22:56:20.418138 ===
    reason: closed
    msg: roadrunner response send failed
    phase: buffered_response
=NOTICE REPORT==== 27-May-2026::22:56:20.418104 ===
    reason: closed
    msg: roadrunner response send failed
    phase: buffered_response
=NOTICE REPORT==== 27-May-2026::22:56:20.418137 ===
    reason: closed
    msg: roadrunner response send failed
    phase: buffered_response
=NOTICE REPORT==== 27-May-2026::22:56:20.418153 ===
    reason: closed
    msg: roadrunner response send failed
    phase: buffered_response
=NOTICE REPORT==== 27-May-2026::22:56:20.418212 ===
    reason: closed
    msg: roadrunner response send failed
    phase: buffered_response
